Removed Pin From Net: NetName=GND Pin=P1-2
Removed Pin From Net: NetName=GND Pin=P1-3
Removed Member From Class: ClassName=Sheet1 Member=P1
Change Component Footprint: Designator=U6 Old Footprint=FP-DGK0008A-IPC_A New Footprint=FP-DGK0008A-IPC_A
Added Component: Designator=J13(HIROSE_U.FL-R-SMT-1(80))
Add component (AddParameter): Name = "Availability"; Value = "Unavailable"; VariantName = "[No Variations]"
Add component (AddParameter): Name = "MF"; Value = ""; VariantName = "[No Variations]"
Add component (AddParameter): Name = "MP"; Value = "U.FL-R-SMT-1(80)"; VariantName = "[No Variations]"
Add component (AddParameter): Name = "Package"; Value = "None"; VariantName = "[No Variations]"
Add component (AddParameter): Name = "Price"; Value = "None"; VariantName = "[No Variations]"
Add component (AddParameter): Name = "Value"; Value = ""; VariantName = "[No Variations]"
Added Pin To Net: NetName=GND Pin=J13-G1
Added Pin To Net: NetName=GND Pin=J13-G2
Added Pin To Net: NetName=3V3 Pin=R1-1
Added Pin To Net: NetName=3V3 Pin=R2-1
Added Pin To Net: NetName=NetC20_2 Pin=R3-1
Added Pin To Net: NetName=GND Pin=R4-1
Added Pin To Net: NetName=VBUS_SEN Pin=R5-1
Added Pin To Net: NetName=GND Pin=R6-1
Added Pin To Net: NetName=NetD2_A Pin=R7-1
Added Pin To Net: NetName=GND Pin=R8-1
Added Pin To Net: NetName=NetR9_1 Pin=R9-1
Added Pin To Net: NetName=NetR10_1 Pin=R10-1
Added Pin To Net: NetName=GND Pin=R11-1
Added Pin To Net: NetName=3V3 Pin=R12-1
Added Pin To Net: NetName=3V3 Pin=R13-1
Added Pin To Net: NetName=NetR14_1 Pin=R14-1
Added Pin To Net: NetName=NetJ7_2 Pin=R15-1
Added Pin To Net: NetName=NetR16_1 Pin=R16-1
Added Pin To Net: NetName=NetR16_1 Pin=R17-1
Added Pin To Net: NetName=UpBtn Pin=R18-1
Added Pin To Net: NetName=DownBtn Pin=R19-1
Added Pin To Net: NetName=NetC35_2 Pin=R20-1
Added Pin To Net: NetName=NetJ13_SIG Pin=J13-SIG
Added Pin To Net: NetName=NetJ13_SIG Pin=U2-1
Added Net: Name=NetJ13_SIG
Added Member To Class: ClassName=Sheet1 Member=Component J13 U.FL-R-SMT-1(80)
