Change Component Footprint: Designator=J4 Old Footprint=12 V input New Footprint=PHOENIX_1725656
Change Component Footprint: Designator=J9 Old Footprint=12 V input New Footprint=PHOENIX_1725656
Change Component Comment : Designator=J4 Old Comment=691111710002 New Comment=1725656
Change Component Comment : Designator=J9 Old Comment=691111710002 New Comment=1725656
Change component parameters: Designator = "J4" ("J4"); Footprint = "12 V input"; UniqueID = "\VHNCIRUZ" ("\VHNCIRUZ")
Change component parameters (AddParameter): Name = "Check_prices"; Value = "https://www.snapeda.com/parts/1725656/Phoenix+Contact/view-part/?ref=eda"; VariantName = "[No Variations]"
Change component parameters (AddParameter): Name = "MF"; Value = "Phoenix Contact"; VariantName = "[No Variations]"
Change component parameters (AddParameter): Name = "MP"; Value = "1725656"; VariantName = "[No Variations]"
Change component parameters (AddParameter): Name = "Package"; Value = "None"; VariantName = "[No Variations]"
Change component parameters (AddParameter): Name = "SnapEDA_Link"; Value = "https://www.snapeda.com/parts/1725656/Phoenix+Contact/view-part/?ref=snap"; VariantName = "[No Variations]"
Change component parameters (AddParameter): Name = "Value"; Value = ""; VariantName = "[No Variations]"
Change component parameters: Designator = "J9" ("J9"); Footprint = "12 V input"; UniqueID = "\TMKTMOLE" ("\TMKTMOLE")
Change component parameters (AddParameter): Name = "Check_prices"; Value = "https://www.snapeda.com/parts/1725656/Phoenix+Contact/view-part/?ref=eda"; VariantName = "[No Variations]"
Change component parameters (AddParameter): Name = "MF"; Value = "Phoenix Contact"; VariantName = "[No Variations]"
Change component parameters (AddParameter): Name = "MP"; Value = "1725656"; VariantName = "[No Variations]"
Change component parameters (AddParameter): Name = "Package"; Value = "None"; VariantName = "[No Variations]"
Change component parameters (AddParameter): Name = "SnapEDA_Link"; Value = "https://www.snapeda.com/parts/1725656/Phoenix+Contact/view-part/?ref=snap"; VariantName = "[No Variations]"
Change component parameters (AddParameter): Name = "Value"; Value = ""; VariantName = "[No Variations]"
Added Pin To Net: NetName=3V3 Pin=R1-1
Added Pin To Net: NetName=3V3 Pin=R2-1
Added Pin To Net: NetName=NetC20_2 Pin=R3-1
Added Pin To Net: NetName=GND Pin=R4-1
Added Pin To Net: NetName=VBUS_SEN Pin=R5-1
Added Pin To Net: NetName=GND Pin=R6-1
Added Pin To Net: NetName=NetD2_A Pin=R7-1
Added Pin To Net: NetName=GND Pin=R8-1
Added Pin To Net: NetName=NetR9_1 Pin=R9-1
Added Pin To Net: NetName=NetR10_1 Pin=R10-1
Added Pin To Net: NetName=GND Pin=R11-1
Added Pin To Net: NetName=3V3 Pin=R12-1
Added Pin To Net: NetName=3V3 Pin=R13-1
Added Pin To Net: NetName=NetR14_1 Pin=R14-1
Added Pin To Net: NetName=NetJ7_2 Pin=R15-1
Added Pin To Net: NetName=NetR16_1 Pin=R16-1
Added Pin To Net: NetName=NetR16_1 Pin=R17-1
Added Pin To Net: NetName=UpBtn Pin=R18-1
Added Pin To Net: NetName=DownBtn Pin=R19-1
Added Pin To Net: NetName=NetC35_2 Pin=R20-1
