Removed Pin From Net: NetName=GND Pin=J7-1
Removed Pin From Net: NetName=OLED_RS Pin=J7-3
Removed Pin From Net: NetName=GND Pin=J7-4
Removed Pin From Net: NetName=OLED_E Pin=J7-5
Removed Pin From Net: NetName=OLED_D04 Pin=J7-6
Removed Pin From Net: NetName=OLED_D05 Pin=J7-7
Removed Pin From Net: NetName=OLED_D06 Pin=J7-8
Removed Pin From Net: NetName=OLED_D07 Pin=J7-9
Removed Member From Class: ClassName=Sheet2 Member=R15
Change Component Footprint: Designator=J7 Old Footprint=FP-55932-1010-MFG New Footprint=SAMTEC_SSQ-108-XX-X-D
Change Component Comment : Designator=J7 Old Comment=0559321010 New Comment=SSQ-108-XX-X-D
Change component parameters: Designator = "J7" ("J7"); Footprint = "FP-55932-1010-MFG"; UniqueID = "\BMPBECTX" ("\BMPBECTX")
Change component parameters (AddParameter): Name = "Availability"; Value = "Unavailable"; VariantName = "[No Variations]"
Change component parameters (AddParameter): Name = "MF"; Value = "Samtec"; VariantName = "[No Variations]"
Change component parameters (AddParameter): Name = "MP"; Value = "SSQ-108-XX-X-D"; VariantName = "[No Variations]"
Change component parameters (AddParameter): Name = "Package"; Value = "None"; VariantName = "[No Variations]"
Change component parameters (AddParameter): Name = "Price"; Value = "None"; VariantName = "[No Variations]"
Change component parameters (AddParameter): Name = "Value"; Value = ""; VariantName = "[No Variations]"
Added Pin To Net: NetName=NetC34_2 Pin=J7-01
Added Pin To Net: NetName=GND Pin=J7-02
Added Pin To Net: NetName=OLED_RS Pin=J7-03
Added Pin To Net: NetName=OLED_E Pin=J7-05
Added Pin To Net: NetName=GND Pin=J7-06
Added Pin To Net: NetName=OLED_D05 Pin=J7-11
Added Pin To Net: NetName=OLED_D04 Pin=J7-12
Added Pin To Net: NetName=OLED_D07 Pin=J7-13
Added Pin To Net: NetName=OLED_D06 Pin=J7-14
Added Pin To Net: NetName=NRST Pin=R1-1
Added Pin To Net: NetName=NetC20_2 Pin=R2-1
Added Pin To Net: NetName=NetR3_1 Pin=R3-1
Added Pin To Net: NetName=NetR3_1 Pin=R4-1
Added Pin To Net: NetName=NetJ3_A4 Pin=R5-1
Added Pin To Net: NetName=VBUS_SEN Pin=R6-1
Added Pin To Net: NetName=NetR7_1 Pin=R7-1
Added Pin To Net: NetName=NetJ3_A5 Pin=R8-1
Added Pin To Net: NetName=GND Pin=R9-1
Added Pin To Net: NetName=GND Pin=R10-1
Added Pin To Net: NetName=NetJ3_B5 Pin=R11-1
Added Pin To Net: NetName=UpBtn Pin=R12-1
Added Pin To Net: NetName=DownBtn Pin=R13-1
Added Pin To Net: NetName=GND Pin=R14-1
Added Pin To Net: NetName=NetC34_2 Pin=R16-1
Added Pin To Net: NetName=GND Pin=R17-1
Added Pin To Net: NetName=NetR18_1 Pin=R18-1
Added Pin To Net: NetName=NetR19_1 Pin=R19-1
Added Pin To Net: NetName=NetR20_1 Pin=R20-1
