Removed Pin From Net: NetName=+12 Pin=C21-1
Removed Pin From Net: NetName=GND Pin=C21-2
Removed Pin From Net: NetName=+12 Pin=C25-1
Removed Pin From Net: NetName=GND Pin=C25-2
Removed Pin From Net: NetName=SW Pin=L5-1
Removed Pin From Net: NetName=SFB Pin=L5-2
Removed Member From Class: ClassName=Sheet1 Member=C21
Removed Member From Class: ClassName=Sheet1 Member=C25
Removed Member From Class: ClassName=Sheet1 Member=C26
Removed Member From Class: ClassName=Sheet2 Member=C30
Removed Member From Class: ClassName=Sheet2 Member=C31
Removed Member From Class: ClassName=Sheet2 Member=C32
Removed Member From Class: ClassName=Sheet1 Member=L5
Removed Member From Class: ClassName=Sheet1 Member=R9
Change Component Designator: OldDesignator=C1 NewDesignator=C4
Change Component Designator: OldDesignator=C2 NewDesignator=C5
Change Component Designator: OldDesignator=C3 NewDesignator=C1
Change Component Designator: OldDesignator=C4 NewDesignator=C6
Change Component Designator: OldDesignator=C13 NewDesignator=C2
Change Component Designator: OldDesignator=C14 NewDesignator=C3
Change Component Designator: OldDesignator=C18 NewDesignator=C24
Change Component Designator: OldDesignator=C19 NewDesignator=C25
Change Component Designator: OldDesignator=C20 NewDesignator=C26
Change Component Designator: OldDesignator=C22 NewDesignator=C9
Change Component Designator: OldDesignator=C23 NewDesignator=C8
Change Component Designator: OldDesignator=C24 NewDesignator=C12
Change Component Designator: OldDesignator=C26 NewDesignator=C13
Change Component Designator: OldDesignator=C27 NewDesignator=C15
Change Component Designator: OldDesignator=C28 NewDesignator=C16
Change Component Designator: OldDesignator=C29 NewDesignator=C17
Change Component Designator: OldDesignator=C30 NewDesignator=C18
Change Component Designator: OldDesignator=C31 NewDesignator=C19
Change Component Designator: OldDesignator=C32 NewDesignator=C20
Change Component Designator: OldDesignator=C33 NewDesignator=C21
Change Component Designator: OldDesignator=C34 NewDesignator=C22
Change Component Designator: OldDesignator=C35 NewDesignator=C23
Change Component Designator: OldDesignator=D1 NewDesignator=D2
Change Component Designator: OldDesignator=D2 NewDesignator=D1
Change Component Designator: OldDesignator=J1 NewDesignator=J4
Change Component Designator: OldDesignator=J2 NewDesignator=J8
Change Component Designator: OldDesignator=J3 NewDesignator=J1
Change Component Designator: OldDesignator=J4 NewDesignator=J3
Change Component Designator: OldDesignator=J5 NewDesignator=J9
Change Component Designator: OldDesignator=J6 NewDesignator=J10
Change Component Designator: OldDesignator=J7 NewDesignator=J6
Change Component Designator: OldDesignator=J8 NewDesignator=J11
Change Component Designator: OldDesignator=J9 NewDesignator=J12
Change Component Designator: OldDesignator=J10 NewDesignator=J2
Change Component Designator: OldDesignator=J11 NewDesignator=J5
Change Component Designator: OldDesignator=J12 NewDesignator=J7
Change Component Designator: OldDesignator=L4 NewDesignator=L3
Change Component Designator: OldDesignator=L6 NewDesignator=L4
Change Component Designator: OldDesignator=L7 NewDesignator=L1
Change Component Designator: OldDesignator=R1 NewDesignator=R6
Change Component Designator: OldDesignator=R2 NewDesignator=R16
Change Component Designator: OldDesignator=R3 NewDesignator=R17
Change Component Designator: OldDesignator=R4 NewDesignator=R18
Change Component Designator: OldDesignator=R5 NewDesignator=R1
Change Component Designator: OldDesignator=R6 NewDesignator=R2
Change Component Designator: OldDesignator=R7 NewDesignator=R5
Change Component Designator: OldDesignator=R8 NewDesignator=R4
Change Component Designator: OldDesignator=R9 NewDesignator=R7
Change Component Designator: OldDesignator=R10 NewDesignator=R8
Change Component Designator: OldDesignator=R11 NewDesignator=R3
Change Component Designator: OldDesignator=R12 NewDesignator=R9
Change Component Designator: OldDesignator=R13 NewDesignator=R10
Change Component Designator: OldDesignator=R16 NewDesignator=R13
Change Component Designator: OldDesignator=R17 NewDesignator=R14
Change Component Designator: OldDesignator=R18 NewDesignator=R11
Change Component Designator: OldDesignator=R19 NewDesignator=R12
Change Component Designator: OldDesignator=R20 NewDesignator=R15
Change Component Designator: OldDesignator=U3 NewDesignator=U5
Change Component Designator: OldDesignator=U4 NewDesignator=U2
Change Component Designator: OldDesignator=U5 NewDesignator=U3
Change Component Designator: OldDesignator=U6 NewDesignator=U4
Added Component: Designator=C10(CAPC3216X180X55LL20T25)
Added Component: Designator=C11(FP-TAJD-MFG)
Added Component: Designator=C14(CAPC3216X180X55LL20T25)
Added Component: Designator=L2(1uH Power Inductor)
Added Pin To Net: NetName=+12 Pin=C10-1
Added Pin To Net: NetName=GND Pin=C10-2
Added Pin To Net: NetName=+12 Pin=C11-1
Added Pin To Net: NetName=GND Pin=C11-2
Added Pin To Net: NetName=+12 Pin=C14-1
Added Pin To Net: NetName=GND Pin=C14-2
Added Pin To Net: NetName=NetC7_1 Pin=J8-2
Added Pin To Net: NetName=SW Pin=L2-1
Added Pin To Net: NetName=SFB Pin=L2-2
Change Net Name : Old Net Name=NetC7_1 New Net Name=NRST
Change Net Name : Old Net Name=NetC13_1 New Net Name=NetC2_1
Change Net Name : Old Net Name=NetC14_1 New Net Name=NetC3_1
Change Net Name : Old Net Name=NetC19_1 New Net Name=NetC25_1
Change Net Name : Old Net Name=NetC19_2 New Net Name=NetC25_2
Change Net Name : Old Net Name=NetC20_2 New Net Name=NetC26_2
Change Net Name : Old Net Name=NetC29_1 New Net Name=NetC17_1
Change Net Name : Old Net Name=NetC33_1 New Net Name=NetC21_1
Change Net Name : Old Net Name=NetC33_2 New Net Name=NetC21_2
Change Net Name : Old Net Name=NetC34_2 New Net Name=NetC22_2
Change Net Name : Old Net Name=NetC35_2 New Net Name=NetC23_2
Change Net Name : Old Net Name=NetD1_5 New Net Name=NetD2_5
Change Net Name : Old Net Name=NetD2_A New Net Name=NetD1_A
Change Net Name : Old Net Name=NetJ3_A5 New Net Name=NetJ1_A5
Change Net Name : Old Net Name=NetJ3_B5 New Net Name=NetJ1_B5
Change Net Name : Old Net Name=NetJ4_1 New Net Name=NetJ3_1
Change Net Name : Old Net Name=NetJ4_2 New Net Name=NetJ3_2
Change Net Name : Old Net Name=NetJ8_3 New Net Name=NetJ11_3
Change Net Name : Old Net Name=NetJ8_4 New Net Name=NetJ11_4
Change Net Name : Old Net Name=NetR3_2 New Net Name=NetR17_2
Change Net Name : Old Net Name=NetR7_2 New Net Name=NetR5_2
Change Net Name : Old Net Name=NetR9_2 New Net Name=NetR7_2
Change Net Name : Old Net Name=NetR10_2 New Net Name=NetR8_2
Change Net Name : Old Net Name=NetR16_2 New Net Name=NetR13_2
Change Net Name : Old Net Name=NetR18_1 New Net Name=NetR11_1
Change Net Name : Old Net Name=NetR19_1 New Net Name=NetR12_1
Change Net Name : Old Net Name=NetR20_2 New Net Name=NetR15_2
Added Member To Class: ClassName=Sheet1 Member=Component C5 100nF
Added Member To Class: ClassName=Sheet1 Member=Component C6 4.7uF
Added Member To Class: ClassName=Sheet1 Member=Component C10 4,7 uF
Added Member To Class: ClassName=Sheet1 Member=Component C11 47uF
Added Member To Class: ClassName=Sheet2 Member=Component C24 4.7uF
Added Member To Class: ClassName=Sheet2 Member=Component C25 100nF
Added Member To Class: ClassName=Sheet2 Member=Component C26 22uF
Added Member To Class: ClassName=Sheet1 Member=Component L2 1uH 
Added Member To Class: ClassName=Sheet1 Member=Component R6 100kO
