Removed Pin From Net: NetName=NetC23_1 Pin=J4-1
Removed Pin From Net: NetName=NetC27_1 Pin=J4-2
Removed Pin From Net: NetName=+12 Pin=L7-1
Removed Pin From Net: NetName=GND Pin=L7-4
Removed Member From Class: ClassName=Sheet2 Member=J9
Removed Member From Class: ClassName=Sheet2 Member=L7
Add Component: Footprint Not Found 694106105102
Add Pin To Net: Unknown Pin: Pin J5-1
Add Pin To Net: Unknown Pin: Pin J5-2
Add Pin To Net: Unknown Pin: Pin J5-3
Added Pin To Net: NetName=NetC23_1 Pin=L7-1
Added Pin To Net: NetName=NetC27_1 Pin=L7-4
Added Pin To Net: NetName=3V3 Pin=R1-1
Added Pin To Net: NetName=3V3 Pin=R2-1
Added Pin To Net: NetName=NetC20_2 Pin=R3-1
Added Pin To Net: NetName=GND Pin=R4-1
Added Pin To Net: NetName=VBUS_SEN Pin=R5-1
Added Pin To Net: NetName=GND Pin=R6-1
Added Pin To Net: NetName=NetD2_A Pin=R7-1
Added Pin To Net: NetName=GND Pin=R8-1
Added Pin To Net: NetName=NetR9_1 Pin=R9-1
Added Pin To Net: NetName=NetR10_1 Pin=R10-1
Added Pin To Net: NetName=GND Pin=R11-1
Added Pin To Net: NetName=3V3 Pin=R12-1
Added Pin To Net: NetName=3V3 Pin=R13-1
Added Pin To Net: NetName=NetR14_1 Pin=R14-1
Added Pin To Net: NetName=NetJ7_2 Pin=R15-1
Added Pin To Net: NetName=NetR16_1 Pin=R16-1
Added Pin To Net: NetName=NetR16_1 Pin=R17-1
Added Pin To Net: NetName=UpBtn Pin=R18-1
Added Pin To Net: NetName=DownBtn Pin=R19-1
Added Pin To Net: NetName=NetC35_2 Pin=R20-1
Change Net Name : Old Net Name=NetC16_1 New Net Name=RFin
Added Pin To Net: NetName=NetJ4_1 Pin=J4-1
Added Pin To Net: NetName=NetJ4_1 Pin=L7-3
Added Net: Name=NetJ4_1
Added Pin To Net: NetName=NetJ4_2 Pin=J4-2
Added Pin To Net: NetName=NetJ4_2 Pin=L7-2
Added Net: Name=NetJ4_2
Add Class Member: Failed to add class member : Component J5 694106105102
Added Member To Class: ClassName=Sheet1 Member=Component L7 SPDL485025-250-2P-T
