Add Component: Footprint Not Found 694106105102
Add Pin To Net: Unknown Pin: Pin J5-1
Add Pin To Net: Unknown Pin: Pin J5-2
Add Pin To Net: Unknown Pin: Pin J5-3
Added Pin To Net: NetName=NRST Pin=R1-1
Added Pin To Net: NetName=NetC20_2 Pin=R2-1
Added Pin To Net: NetName=NetR3_1 Pin=R3-1
Added Pin To Net: NetName=NetR3_1 Pin=R4-1
Added Pin To Net: NetName=NetJ3_A4 Pin=R5-1
Added Pin To Net: NetName=VBUS_SEN Pin=R6-1
Added Pin To Net: NetName=NetR7_1 Pin=R7-1
Added Pin To Net: NetName=NetJ3_A5 Pin=R8-1
Added Pin To Net: NetName=GND Pin=R9-1
Added Pin To Net: NetName=GND Pin=R10-1
Added Pin To Net: NetName=NetJ3_B5 Pin=R11-1
Added Pin To Net: NetName=UpBtn Pin=R12-1
Added Pin To Net: NetName=DownBtn Pin=R13-1
Added Pin To Net: NetName=GND Pin=R14-1
Added Pin To Net: NetName=NetC34_2 Pin=R15-1
Added Pin To Net: NetName=NetC34_2 Pin=R16-1
Added Pin To Net: NetName=GND Pin=R17-1
Added Pin To Net: NetName=NetR18_1 Pin=R18-1
Added Pin To Net: NetName=NetR19_1 Pin=R19-1
Added Pin To Net: NetName=NetR20_1 Pin=R20-1
Add Class Member: Failed to add class member : Component J5 694106105102
