Removed Pin From Net: NetName=GND Pin=C3-1
Removed Pin From Net: NetName=3V3 Pin=C3-2
Removed Pin From Net: NetName=GND Pin=C4-1
Removed Pin From Net: NetName=3V3 Pin=C4-2
Removed Pin From Net: NetName=GND Pin=C5-1
Removed Pin From Net: NetName=3V3 Pin=C5-2
Removed Pin From Net: NetName=3V3 Pin=C9-1
Removed Pin From Net: NetName=GND Pin=C9-2
Removed Pin From Net: NetName=3V3 Pin=C10-1
Removed Pin From Net: NetName=GND Pin=C10-2
Removed Pin From Net: NetName=3V3 Pin=C12-1
Removed Pin From Net: NetName=GND Pin=C12-2
Removed Pin From Net: NetName=GND Pin=C15-2
Removed Pin From Net: NetName=GND Pin=C16-2
Removed Pin From Net: NetName=GND Pin=C17-2
Removed Pin From Net: NetName=NRST Pin=J2-2
Removed Pin From Net: NetName=GND Pin=P1-G1
Removed Pin From Net: NetName=GND Pin=P1-G2
Removed Pin From Net: NetName=GND Pin=R14-1
Removed Pin From Net: NetName=3V3 Pin=U1-1
Removed Pin From Net: NetName=OLED_RS Pin=U1-2
Removed Pin From Net: NetName=NRST Pin=U1-7
Removed Pin From Net: NetName=3V3 Pin=U1-8
Removed Pin From Net: NetName=AOUT Pin=U1-9
Removed Pin From Net: NetName=SCK Pin=U1-10
Removed Pin From Net: NetName=SWEN Pin=U1-12
Removed Pin From Net: NetName=LT8722_CS Pin=U1-14
Removed Pin From Net: NetName=MISO Pin=U1-15
Removed Pin From Net: NetName=MOSI Pin=U1-16
Removed Pin From Net: NetName=NetR7_2 Pin=U1-19
Removed Pin From Net: NetName=3V3 Pin=U1-20
Removed Pin From Net: NetName=GND Pin=U1-22
Removed Pin From Net: NetName=3V3 Pin=U1-23
Removed Pin From Net: NetName=NetC14_1 Pin=U1-24
Removed Pin From Net: NetName=NetC13_1 Pin=U1-25
Removed Pin From Net: NetName=DownBtn Pin=U1-28
Removed Pin From Net: NetName=UpBtn Pin=U1-29
Removed Pin From Net: NetName=GND Pin=U1-32
Removed Pin From Net: NetName=3V3 Pin=U1-34
Removed Pin From Net: NetName=3V3 Pin=U1-35
Removed Pin From Net: NetName=VBUS_SEN Pin=U1-36
Removed Pin From Net: NetName=USB_MCU_N Pin=U1-37
Removed Pin From Net: NetName=USB_MCU_P Pin=U1-38
Removed Pin From Net: NetName=SWDIO Pin=U1-39
Removed Pin From Net: NetName=3V3 Pin=U1-40
Removed Pin From Net: NetName=SWCLK Pin=U1-41
Removed Pin From Net: NetName=OLED_D06 Pin=U1-43
Removed Pin From Net: NetName=OLED_D07 Pin=U1-44
Removed Pin From Net: NetName=OLED_D05 Pin=U1-45
Removed Pin From Net: NetName=OLED_D04 Pin=U1-46
Removed Pin From Net: NetName=OLED_E Pin=U1-47
Removed Pin From Net: NetName=3V3 Pin=U1-48
Removed Pin From Net: NetName=GND Pin=U1-49
Removed Pin From Net: NetName=GND Pin=U2-2
Removed Pin From Net: NetName=GND Pin=U2-4
Removed Member From Class: ClassName=Sheet1 Member=C5
Removed Member From Class: ClassName=Sheet1 Member=C6
Removed Member From Class: ClassName=Sheet1 Member=C8
Removed Member From Class: ClassName=Sheet1 Member=C9
Removed Member From Class: ClassName=Sheet1 Member=C10
Removed Member From Class: ClassName=Sheet1 Member=C12
Removed Member From Class: ClassName=Sheet1 Member=C15
Removed Member From Class: ClassName=Sheet1 Member=C16
Removed Member From Class: ClassName=Sheet1 Member=C17
Removed Member From Class: ClassName=Sheet1 Member=L1
Removed Member From Class: ClassName=Sheet1 Member=L2
Removed Member From Class: ClassName=Sheet1 Member=L3
Removed Member From Class: ClassName=Sheet1 Member=P1
Removed Member From Class: ClassName=Sheet1 Member=R14
Removed Member From Class: ClassName=Sheet1 Member=U2
Change Component Footprint: Designator=U1 Old Footprint=QFN50P700X700X60-49N New Footprint=STM32G0B0CET6TR
Change Component Comment : Designator=U1 Old Comment=STM32WB55CEU6 New Comment=STM32G0B0CET6TR
Change Component Designator: OldDesignator=C6 NewDesignator=C4
Change Component Designator: OldDesignator=C8 NewDesignator=C3
Change component parameters: Designator = "U1" ("U1"); Footprint = "QFN50P700X700X60-49N"; UniqueID = "\IMZSAJUY" ("\IMZSAJUY")
Added Pin To Net: NetName=3V3 Pin=U1-4
Added Pin To Net: NetName=3V3 Pin=U1-5
Added Pin To Net: NetName=3V3 Pin=U1-6
Added Pin To Net: NetName=GND Pin=U1-7
Added Pin To Net: NetName=NetC13_1 Pin=U1-8
Added Pin To Net: NetName=NetC14_1 Pin=U1-9
Added Pin To Net: NetName=NRST Pin=U1-10
Added Pin To Net: NetName=AOUT Pin=U1-11
Added Pin To Net: NetName=MISO Pin=U1-14
Added Pin To Net: NetName=MOSI Pin=U1-15
Added Pin To Net: NetName=SWEN Pin=U1-16
Added Pin To Net: NetName=LT8722_CS Pin=U1-17
Added Pin To Net: NetName=SCK Pin=U1-22
Added Pin To Net: NetName=DownBtn Pin=U1-23
Added Pin To Net: NetName=UpBtn Pin=U1-24
Added Pin To Net: NetName=VBUS_SEN Pin=U1-32
Added Pin To Net: NetName=USB_MCU_N Pin=U1-33
Added Pin To Net: NetName=USB_MCU_P Pin=U1-34
Added Pin To Net: NetName=SWDIO Pin=U1-35
Added Pin To Net: NetName=SWCLK Pin=U1-36
Added Pin To Net: NetName=OLED_D06 Pin=U1-38
Added Pin To Net: NetName=OLED_D07 Pin=U1-39
Added Pin To Net: NetName=OLED_D05 Pin=U1-40
Added Pin To Net: NetName=OLED_D04 Pin=U1-41
Added Pin To Net: NetName=OLED_E Pin=U1-43
Added Pin To Net: NetName=OLED_RS Pin=U1-44
Added Pin To Net: NetName=NetR7_2 Pin=U1-47
Change Net Name : Old Net Name=NRST New Net Name=NetC7_1
Added Pin To Net: NetName=I2C_SCL Pin=J7-2
Added Pin To Net: NetName=I2C_SCL Pin=U1-29
Added Net: Name=I2C_SCL
Added Pin To Net: NetName=I2C_SDA Pin=J7-1
Added Pin To Net: NetName=I2C_SDA Pin=U1-26
Added Net: Name=I2C_SDA
Added Pin To Net: NetName=NRST Pin=J2-2
Added Net: Name=NRST
