Added Component: Designator=C16(0603)
Added Component: Designator=C17(0603)
Added Component: Designator=J1(SMA)
Added Component: Designator=L3(0603)
Added Component: Designator=U2(810-DLF16250LT5028A1)
Added Pin To Net: NetName=GND Pin=C16-2
Added Pin To Net: NetName=GND Pin=C17-2
Added Pin To Net: NetName=GND Pin=J1-2
Added Pin To Net: NetName=GND Pin=J1-3
Added Pin To Net: NetName=GND Pin=J1-4
Added Pin To Net: NetName=GND Pin=J1-5
Added Pin To Net: NetName=NetC7_1 Pin=R1-1
Added Pin To Net: NetName=GND Pin=U2-2
Added Pin To Net: NetName=GND Pin=U2-4
Added Pin To Net: NetName=NetC16_1 Pin=C16-1
Added Pin To Net: NetName=NetC16_1 Pin=L3-2
Added Pin To Net: NetName=NetC16_1 Pin=U1-31
Added Net: Name=NetC16_1
Added Pin To Net: NetName=NetC17_1 Pin=C17-1
Added Pin To Net: NetName=NetC17_1 Pin=L3-1
Added Pin To Net: NetName=NetC17_1 Pin=U2-3
Added Net: Name=NetC17_1
Added Pin To Net: NetName=NetJ1_1 Pin=J1-1
Added Pin To Net: NetName=NetJ1_1 Pin=U2-1
Added Net: Name=NetJ1_1
Added Member To Class: ClassName=Sheet1 Member=Component C16 N/A
Added Member To Class: ClassName=Sheet1 Member=Component C17 N/A
Added Member To Class: ClassName=Sheet1 Member=Component J1 2484637-1
Added Member To Class: ClassName=Sheet1 Member=Component L3 N/A
Added Member To Class: ClassName=Sheet1 Member=Component U2 DLF162500LT-5028A1
