Removed Pin From Net: NetName=D+ Pin=J3-A6
Removed Pin From Net: NetName=D- Pin=J3-A7
Removed Pin From Net: NetName=D+ Pin=J3-B6
Removed Pin From Net: NetName=D- Pin=J3-B7
Removed Pin From Net: NetName=GND Pin=J3-S1
Removed Pin From Net: NetName=GND Pin=J3-S2
Removed Pin From Net: NetName=GND Pin=J3-S3
Removed Pin From Net: NetName=GND Pin=J3-S4
Removed Pin From Net: NetName=GND Pin=J3-S5
Removed Pin From Net: NetName=GND Pin=J3-S6
Change Component Footprint: Designator=J3 Old Footprint=HRS_CX70M-24P1 New Footprint=CUI_UJ20-C-H-G-SMT-TR
Change Component Comment : Designator=J3 Old Comment=CX70M-24P1 New Comment=UJ20-C-H-G-SMT-TR
Change component parameters: Designator = "J3" ("J3"); Footprint = "HRS_CX70M-24P1"; UniqueID = "\XUJHCOSL" ("\XUJHCOSL")
Change component parameters (AddParameter): Name = "Check_prices"; Value = "https://www.snapeda.com/parts/UJ20-C-H-G-SMT-TR/Same+Sky/view-part/?ref=eda"; VariantName = "[No Variations]"
Change component parameters (AddParameter): Name = "MF"; Value = "Same Sky"; VariantName = "[No Variations]"
Change component parameters (AddParameter): Name = "MP"; Value = "UJ20-C-H-G-SMT-TR"; VariantName = "[No Variations]"
Change component parameters (AddParameter): Name = "Package"; Value = "None"; VariantName = "[No Variations]"
Change component parameters (AddParameter): Name = "SnapEDA_Link"; Value = "https://www.snapeda.com/parts/UJ20-C-H-G-SMT-TR/Same+Sky/view-part/?ref=snap"; VariantName = "[No Variations]"
Change component parameters (AddParameter): Name = "Value"; Value = ""; VariantName = "[No Variations]"
Added Pin To Net: NetName=D- Pin=J3-A6
Added Pin To Net: NetName=D+ Pin=J3-A7
Added Pin To Net: NetName=D- Pin=J3-B6
Added Pin To Net: NetName=D+ Pin=J3-B7
Added Pin To Net: NetName=GND Pin=J3-SH1
Added Pin To Net: NetName=GND Pin=J3-SH2
Added Pin To Net: NetName=GND Pin=J3-SH3
Added Pin To Net: NetName=GND Pin=J3-SH4
Added Member To Class: ClassName=Sheet1 Member=Component C1 100nF
Added Member To Class: ClassName=Sheet1 Member=Component C2 100nF
Added Member To Class: ClassName=Sheet1 Member=Component C3 100nF
Added Member To Class: ClassName=Sheet1 Member=Component C4 100nF
Added Member To Class: ClassName=Sheet1 Member=Component C5 100nF
Added Member To Class: ClassName=Sheet1 Member=Component C6 4.7uF
Added Member To Class: ClassName=Sheet1 Member=Component C7 100nF
Added Member To Class: ClassName=Sheet1 Member=Component C8 100nF
Added Member To Class: ClassName=Sheet1 Member=Component C9 100nF
Added Member To Class: ClassName=Sheet1 Member=Component C10 100nF
Added Member To Class: ClassName=Sheet1 Member=Component C12 4.7uF
Added Member To Class: ClassName=Sheet1 Member=Component C13 30pF
Added Member To Class: ClassName=Sheet1 Member=Component C14 30pF
Added Member To Class: ClassName=Sheet1 Member=Component C15 4.7uF
Added Member To Class: ClassName=Sheet1 Member=Component C16 N/A
Added Member To Class: ClassName=Sheet1 Member=Component C17 N/A
Added Member To Class: ClassName=Sheet2 Member=Component C18 4.7uF
Added Member To Class: ClassName=Sheet2 Member=Component C19 100nF
Added Member To Class: ClassName=Sheet2 Member=Component C20 22uF
Added Member To Class: ClassName=Sheet1 Member=Component C21 4.7uF
Added Member To Class: ClassName=Sheet1 Member=Component C22 100nF
Added Member To Class: ClassName=Sheet1 Member=Component C23 100nF
Added Member To Class: ClassName=Sheet1 Member=Component C24 100nF
Added Member To Class: ClassName=Sheet1 Member=Component C25 4.7uF
Added Member To Class: ClassName=Sheet1 Member=Component C26 100nF
Added Member To Class: ClassName=Sheet1 Member=Component C27 1uF
Added Member To Class: ClassName=Sheet1 Member=Component C28 100nF
Added Member To Class: ClassName=Sheet1 Member=Component C29 1uF
Added Member To Class: ClassName=Sheet2 Member=Component C30 100nF
Added Member To Class: ClassName=Sheet2 Member=Component C31 100nF
Added Member To Class: ClassName=Sheet2 Member=Component C32 4.7uF
Added Member To Class: ClassName=Sheet2 Member=Component C33 100nF
Added Member To Class: ClassName=Sheet2 Member=Component C34 22uF
Added Member To Class: ClassName=Sheet1 Member=Component D1 USBLC6-2SC6Y
Added Member To Class: ClassName=Sheet1 Member=Component D2 KT-0603R
Added Member To Class: ClassName=Sheet1 Member=Component J1 1725656
Added Member To Class: ClassName=Sheet2 Member=Component J2 22-28-4060
Added Member To Class: ClassName=Sheet1 Member=Component J4 1725656
Added Member To Class: ClassName=Sheet2 Member=Component J6 DS1023-2*8S21
Added Member To Class: ClassName=Sheet1 Member=Component J7 1725656
Added Member To Class: ClassName=Sheet1 Member=Component J10 1 pin header
Added Member To Class: ClassName=Sheet1 Member=Component J11 1 pin header
Added Member To Class: ClassName=Sheet1 Member=Component J12 1 pin header
Added Member To Class: ClassName=Sheet1 Member=Component L1 10nH
Added Member To Class: ClassName=Sheet1 Member=Component L2 10uH
Added Member To Class: ClassName=Sheet1 Member=Component L3 N/A
Added Member To Class: ClassName=Sheet2 Member=Component L4 18uH
Added Member To Class: ClassName=Sheet1 Member=Component L5 1uH
Added Member To Class: ClassName=Sheet2 Member=Component L6 12uH
Added Member To Class: ClassName=Sheet1 Member=Component L7 SPDL485025-250-2P-T
Added Member To Class: ClassName=Sheet1 Member=Component P1 U.FL-R-SMT-1(80)
Added Member To Class: ClassName=Sheet1 Member=Component R1 100kO
Added Member To Class: ClassName=Sheet2 Member=Component R2 0O
Added Member To Class: ClassName=Sheet2 Member=Component R3 51kO
Added Member To Class: ClassName=Sheet2 Member=Component R4 22.1kO
Added Member To Class: ClassName=Sheet1 Member=Component R5 22.1kO
Added Member To Class: ClassName=Sheet1 Member=Component R6 30kO
Added Member To Class: ClassName=Sheet1 Member=Component R7 1kO
Added Member To Class: ClassName=Sheet1 Member=Component R8 5.1kO
Added Member To Class: ClassName=Sheet1 Member=Component R9 5.1kO
Added Member To Class: ClassName=Sheet1 Member=Component R10 5.1kO
Added Member To Class: ClassName=Sheet1 Member=Component R11 5.1kO
Added Member To Class: ClassName=Sheet2 Member=Component R12 100kO
Added Member To Class: ClassName=Sheet2 Member=Component R13 100kO
Added Member To Class: ClassName=Sheet1 Member=Component R14 5.1kO
Added Member To Class: ClassName=Sheet2 Member=Component R16 88.7kO
Added Member To Class: ClassName=Sheet2 Member=Component R17 22.1kO
Added Member To Class: ClassName=Sheet2 Member=Component R18 1kO
Added Member To Class: ClassName=Sheet2 Member=Component R19 1kO
Added Member To Class: ClassName=Sheet1 Member=Component SW1 1-1825910-4
Added Member To Class: ClassName=Sheet2 Member=Component SW2 1-1825910-4
Added Member To Class: ClassName=Sheet2 Member=Component SW3 1-1825910-4
Added Member To Class: ClassName=Sheet1 Member=Component U1 STM32WB55CEU6
Added Member To Class: ClassName=Sheet1 Member=Component U2 DLF162500LT-5028A1
Added Member To Class: ClassName=Sheet2 Member=Component U3 TPS560430X3FDBVR
Added Member To Class: ClassName=Sheet1 Member=Component U4 LT8722
Added Member To Class: ClassName=Sheet2 Member=Component U5 TPS560430X3FDBVR
Added Member To Class: ClassName=Sheet1 Member=Component Y1 ABM8AIG-8MHZ
