Removed Pin From Net: NetName=D- Pin=D1-1
Removed Pin From Net: NetName=GND Pin=D1-2
Removed Pin From Net: NetName=D+ Pin=D1-3
Removed Pin From Net: NetName=NetD1_4 Pin=D1-4
Removed Pin From Net: NetName=VBUS Pin=D1-5
Removed Pin From Net: NetName=NetD1_6 Pin=D1-6
Removed Pin From Net: NetName=GND Pin=J3-A1
Removed Pin From Net: NetName=VBUS Pin=J3-A4
Removed Pin From Net: NetName=NetJ3_A5 Pin=J3-A5
Removed Pin From Net: NetName=D+ Pin=J3-A6
Removed Pin From Net: NetName=D- Pin=J3-A7
Removed Pin From Net: NetName=VBUS Pin=J3-A9
Removed Pin From Net: NetName=GND Pin=J3-A12
Removed Pin From Net: NetName=GND Pin=J3-B1
Removed Pin From Net: NetName=VBUS Pin=J3-B4
Removed Pin From Net: NetName=NetJ3_B5 Pin=J3-B5
Removed Pin From Net: NetName=D+ Pin=J3-B6
Removed Pin From Net: NetName=D- Pin=J3-B7
Removed Pin From Net: NetName=VBUS Pin=J3-B9
Removed Pin From Net: NetName=GND Pin=J3-B12
Removed Pin From Net: NetName=GND Pin=J3-SH1
Removed Pin From Net: NetName=GND Pin=J3-SH2
Removed Pin From Net: NetName=GND Pin=J3-SH3
Removed Pin From Net: NetName=GND Pin=J3-SH4
Removed Pin From Net: NetName=VBUS Pin=R5-1
Removed Pin From Net: NetName=NetJ3_A5 Pin=R6-1
Removed Pin From Net: NetName=VBUS_SEN Pin=R7-1
Removed Pin From Net: NetName=NetJ3_B5 Pin=R8-1
Removed Pin From Net: NetName=3V3 Pin=U1-1
Removed Pin From Net: NetName=NetS1_3 Pin=U1-8
Removed Pin From Net: NetName=3V3 Pin=U1-13
Removed Pin From Net: NetName=3V3 Pin=U1-14
Removed Pin From Net: NetName=3V3 Pin=U1-30
Removed Pin From Net: NetName=NetC16_1 Pin=U1-31
Removed Pin From Net: NetName=GND Pin=U1-32
Removed Pin From Net: NetName=3V3 Pin=U1-33
Removed Pin From Net: NetName=NetC14_1 Pin=U1-34
Removed Pin From Net: NetName=NetC13_1 Pin=U1-35
Removed Pin From Net: NetName=NetC15_1 Pin=U1-41
Removed Pin From Net: NetName=GND Pin=U1-42
Removed Pin From Net: NetName=NetL1_1 Pin=U1-43
Removed Pin From Net: NetName=3V3 Pin=U1-44
Removed Pin From Net: NetName=3V3 Pin=U1-45
Removed Pin From Net: NetName=NetD1_6 Pin=U1-52
Removed Pin From Net: NetName=NetD1_4 Pin=U1-53
Removed Pin From Net: NetName=VBUS_SEN Pin=U1-54
Removed Pin From Net: NetName=3V3 Pin=U1-55
Removed Pin From Net: NetName=3V3 Pin=U1-68
Removed Pin From Net: NetName=GND Pin=U1-69
Change Component Description : Designator=S1 Old Description=Alcoswitch, Tactile switch,SMT,SPST,raised white act New Description=Alcoswitch, Tactile switch,SMT,SPST,raised white act | TE Connectivity FSM2JSMAATR
Added Component: Designator=C30(0603)
Added Component: Designator=C31(0603)
Added Component: Designator=D1(USB ESD protection)
Add component (AddParameter): Name = "Check_prices"; Value = "https://www.snapeda.com/parts/USBLC6-2SC6Y/STMicroelectronics/view-part/?ref=eda"; VariantName = "[No Variations]"
Add component (AddParameter): Name = "MF"; Value = "STMicroelectronics"; VariantName = "[No Variations]"
Add component (AddParameter): Name = "MP"; Value = "USBLC6-2SC6Y"; VariantName = "[No Variations]"
Add component (AddParameter): Name = "Package"; Value = "SOT-23-6 STMicroelectronics"; VariantName = "[No Variations]"
Add component (AddParameter): Name = "SnapEDA_Link"; Value = "https://www.snapeda.com/parts/USBLC6-2SC6Y/STMicroelectronics/view-part/?ref=snap"; VariantName = "[No Variations]"
Add component (AddParameter): Name = "Value"; Value = ""; VariantName = "[No Variations]"
Added Component: Designator=D2(LED_KT-0603R)
Add component (AddParameter): Name = "Check_prices"; Value = "https://www.snapeda.com/parts/KT-0603R/Hubei+KENTO+Elec/view-part/?ref=eda"; VariantName = "[No Variations]"
Add component (AddParameter): Name = "MF"; Value = "Hubei KENTO Elec"; VariantName = "[No Variations]"
Add component (AddParameter): Name = "MP"; Value = "KT-0603R"; VariantName = "[No Variations]"
Add component (AddParameter): Name = "Package"; Value = "Package"; VariantName = "[No Variations]"
Add component (AddParameter): Name = "SnapEDA_Link"; Value = "https://www.snapeda.com/parts/KT-0603R/Hubei+KENTO+Elec/view-part/?ref=snap"; VariantName = "[No Variations]"
Add component (AddParameter): Name = "Value"; Value = ""; VariantName = "[No Variations]"
Added Component: Designator=J3(USB TypeC)
Add component (AddParameter): Name = "Check_prices"; Value = "https://www.snapeda.com/parts/SS-52400-004/Bel+Circuit+Protection/view-part/?ref=eda"; VariantName = "[No Variations]"
Add component (AddParameter): Name = "MF"; Value = "Bel Fuse"; VariantName = "[No Variations]"
Add component (AddParameter): Name = "MP"; Value = "SS-52400-004"; VariantName = "[No Variations]"
Add component (AddParameter): Name = "Package"; Value = "None"; VariantName = "[No Variations]"
Add component (AddParameter): Name = "SnapEDA_Link"; Value = "https://www.snapeda.com/parts/SS-52400-004/Bel+Circuit+Protection/view-part/?ref=snap"; VariantName = "[No Variations]"
Add component (AddParameter): Name = "Value"; Value = ""; VariantName = "[No Variations]"
Added Component: Designator=J5(JST_B2B-XH-A_(LF)(SN))
Add component (AddParameter): Name = "Check_prices"; Value = "https://www.snapeda.com/parts/B2B-XH-A%20(LF)(SN)/JST+Sales+America+Inc./view-part/?ref=eda"; VariantName = "[No Variations]"
Add component (AddParameter): Name = "MF"; Value = "JST Sales"; VariantName = "[No Variations]"
Add component (AddParameter): Name = "MP"; Value = "B2B-XH-A (LF)(SN)"; VariantName = "[No Variations]"
Add component (AddParameter): Name = "Package"; Value = "None"; VariantName = "[No Variations]"
Add component (AddParameter): Name = "SnapEDA_Link"; Value = "https://www.snapeda.com/parts/B2B-XH-A%20(LF)(SN)/JST+Sales+America+Inc./view-part/?ref=snap"; VariantName = "[No Variations]"
Add component (AddParameter): Name = "Value"; Value = ""; VariantName = "[No Variations]"
Added Component: Designator=J6(JST_B2B-XH-A_(LF)(SN))
Add component (AddParameter): Name = "Check_prices"; Value = "https://www.snapeda.com/parts/B2B-XH-A%20(LF)(SN)/JST+Sales+America+Inc./view-part/?ref=eda"; VariantName = "[No Variations]"
Add component (AddParameter): Name = "MF"; Value = "JST Sales"; VariantName = "[No Variations]"
Add component (AddParameter): Name = "MP"; Value = "B2B-XH-A (LF)(SN)"; VariantName = "[No Variations]"
Add component (AddParameter): Name = "Package"; Value = "None"; VariantName = "[No Variations]"
Add component (AddParameter): Name = "SnapEDA_Link"; Value = "https://www.snapeda.com/parts/B2B-XH-A%20(LF)(SN)/JST+Sales+America+Inc./view-part/?ref=snap"; VariantName = "[No Variations]"
Add component (AddParameter): Name = "Value"; Value = ""; VariantName = "[No Variations]"
Added Component: Designator=R5(0603)
Added Component: Designator=R6(0603)
Added Component: Designator=R7(0603)
Added Component: Designator=R8(0603)
Added Component: Designator=R11(0603)
Added Component: Designator=R12(0603)
Added Component: Designator=R13(0603)
Added Component: Designator=U1(QFN50P700X700X60-49N)
Add component (AddParameter): Name = "Availability"; Value = "In Stock"; VariantName = "[No Variations]"
Add component (AddParameter): Name = "Check_prices"; Value = "https://www.snapeda.com/parts/STM32WB55CEU6/STMicroelectronics/view-part/?ref=eda"; VariantName = "[No Variations]"
Add component (AddParameter): Name = "MF"; Value = "STMicroelectronics"; VariantName = "[No Variations]"
Add component (AddParameter): Name = "MP"; Value = "STM32WB55CEU6"; VariantName = "[No Variations]"
Add component (AddParameter): Name = "Package"; Value = "UFQFN-48 STMicroelectronics"; VariantName = "[No Variations]"
Add component (AddParameter): Name = "Price"; Value = "None"; VariantName = "[No Variations]"
Add component (AddParameter): Name = "Purchase-URL"; Value = "https://pricing.snapeda.com/search/part/STM32WB55CEU6/?ref=eda"; VariantName = "[No Variations]"
Add component (AddParameter): Name = "SnapEDA_Link"; Value = "https://www.snapeda.com/parts/STM32WB55CEU6/STMicroelectronics/view-part/?ref=snap"; VariantName = "[No Variations]"
Add component (AddParameter): Name = "Value"; Value = ""; VariantName = "[No Variations]"
Added Pin To Net: NetName=GND Pin=C30-2
Added Pin To Net: NetName=GND Pin=C31-2
Added Pin To Net: NetName=D- Pin=D1-1
Added Pin To Net: NetName=GND Pin=D1-2
Added Pin To Net: NetName=D+ Pin=D1-3
Added Pin To Net: NetName=NetD1_4 Pin=D1-4
Added Pin To Net: NetName=VBUS_SEN Pin=D1-5
Added Pin To Net: NetName=NetD1_6 Pin=D1-6
Added Pin To Net: NetName=GND Pin=D2-C
Added Pin To Net: NetName=GND Pin=J3-A1
Added Pin To Net: NetName=VBUS Pin=J3-A4
Added Pin To Net: NetName=NetJ3_A5 Pin=J3-A5
Added Pin To Net: NetName=D+ Pin=J3-A6
Added Pin To Net: NetName=D- Pin=J3-A7
Added Pin To Net: NetName=VBUS Pin=J3-A9
Added Pin To Net: NetName=GND Pin=J3-A12
Added Pin To Net: NetName=GND Pin=J3-B1
Added Pin To Net: NetName=VBUS Pin=J3-B4
Added Pin To Net: NetName=NetJ3_B5 Pin=J3-B5
Added Pin To Net: NetName=D+ Pin=J3-B6
Added Pin To Net: NetName=D- Pin=J3-B7
Added Pin To Net: NetName=VBUS Pin=J3-B9
Added Pin To Net: NetName=GND Pin=J3-B12
Added Pin To Net: NetName=GND Pin=J3-SH1
Added Pin To Net: NetName=GND Pin=J3-SH2
Added Pin To Net: NetName=GND Pin=J3-SH3
Added Pin To Net: NetName=GND Pin=J3-SH4
Added Pin To Net: NetName=GND Pin=J5-2
Added Pin To Net: NetName=GND Pin=J6-2
Added Pin To Net: NetName=3V3 Pin=R1-1
Added Pin To Net: NetName=NetC20_2 Pin=R2-1
Added Pin To Net: NetName=NetR3_1 Pin=R3-1
Added Pin To Net: NetName=NetR3_1 Pin=R4-1
Added Pin To Net: NetName=VBUS_SEN Pin=R5-1
Added Pin To Net: NetName=VBUS Pin=R5-1
Added Pin To Net: NetName=GND Pin=R6-1
Added Pin To Net: NetName=VBUS_SEN Pin=R6-1
Added Pin To Net: NetName=GND Pin=R8-1
Added Pin To Net: NetName=NetJ3_A5 Pin=R8-1
Added Pin To Net: NetName=GND Pin=R9-1
Added Pin To Net: NetName=GND Pin=R10-1
Added Pin To Net: NetName=GND Pin=R11-1
Added Pin To Net: NetName=NetJ3_B5 Pin=R11-1
Added Pin To Net: NetName=3V3 Pin=R12-1
Added Pin To Net: NetName=3V3 Pin=R13-1
Added Pin To Net: NetName=3V3 Pin=U1-1
Added Pin To Net: NetName=NetS1_3 Pin=U1-7
Added Pin To Net: NetName=3V3 Pin=U1-8
Added Pin To Net: NetName=AOUT Pin=U1-9
Added Pin To Net: NetName=3V3 Pin=U1-20
Added Pin To Net: NetName=NetC16_1 Pin=U1-21
Added Pin To Net: NetName=GND Pin=U1-22
Added Pin To Net: NetName=3V3 Pin=U1-23
Added Pin To Net: NetName=NetC14_1 Pin=U1-24
Added Pin To Net: NetName=NetC13_1 Pin=U1-25
Added Pin To Net: NetName=NetC15_1 Pin=U1-31
Added Pin To Net: NetName=GND Pin=U1-32
Added Pin To Net: NetName=NetL1_1 Pin=U1-33
Added Pin To Net: NetName=3V3 Pin=U1-34
Added Pin To Net: NetName=3V3 Pin=U1-35
Added Pin To Net: NetName=NetD1_6 Pin=U1-37
Added Pin To Net: NetName=NetD1_4 Pin=U1-38
Added Pin To Net: NetName=3V3 Pin=U1-40
Added Pin To Net: NetName=3V3 Pin=U1-48
Added Pin To Net: NetName=GND Pin=U1-49
Added Pin To Net: NetName=\ Pin=U1-17
Added Net: Name=\
Added Pin To Net: NetName=DownBtn Pin=C30-1
Added Pin To Net: NetName=DownBtn Pin=J6-1
Added Pin To Net: NetName=DownBtn Pin=R13-1
Added Pin To Net: NetName=DownBtn Pin=U1-28
Added Net: Name=DownBtn
Added Pin To Net: NetName=LT8722_CS Pin=U1-14
Added Pin To Net: NetName=LT8722_CS Pin=U4-15
Added Net: Name=LT8722_CS
Added Pin To Net: NetName=MISO Pin=U1-15
Added Pin To Net: NetName=MISO Pin=U4-18
Added Net: Name=MISO
Added Pin To Net: NetName=MOSI Pin=U1-16
Added Pin To Net: NetName=MOSI Pin=U4-17
Added Net: Name=MOSI
Added Pin To Net: NetName=NetD2_A Pin=D2-A
Added Pin To Net: NetName=NetD2_A Pin=R7-1
Added Net: Name=NetD2_A
Added Pin To Net: NetName=NetR7_1 Pin=R7-1
Added Pin To Net: NetName=NetR7_1 Pin=U1-19
Added Net: Name=NetR7_1
Added Pin To Net: NetName=SCK Pin=U1-10
Added Pin To Net: NetName=SCK Pin=U4-16
Added Net: Name=SCK
Added Pin To Net: NetName=SWEN Pin=U4-13
Added Net: Name=SWEN
Added Pin To Net: NetName=UpBtn Pin=C31-1
Added Pin To Net: NetName=UpBtn Pin=J5-1
Added Pin To Net: NetName=UpBtn Pin=R12-1
Added Pin To Net: NetName=UpBtn Pin=U1-29
Added Net: Name=UpBtn
Added Class: Name=Sheet2
Added Member To Class: ClassName=Sheet1 Member=Component D2 KT-0603R
Added Member To Class: ClassName=Sheet1 Member=Component R11 5.1kO
