Removed Pin From Net: NetName=UpBtn Pin=J5-1
Removed Pin From Net: NetName=DownBtn Pin=J6-1
Change Component Comment : Designator=R12 Old Comment=5.1kO New Comment=100kO
Change Component Comment : Designator=R13 Old Comment=5.1kO New Comment=100kO
Added Component: Designator=R18(0603)
Added Component: Designator=R19(0603)
Added Pin To Net: NetName=NRST Pin=R1-1
Added Pin To Net: NetName=NetC20_2 Pin=R2-1
Added Pin To Net: NetName=NetR3_1 Pin=R3-1
Added Pin To Net: NetName=NetR3_1 Pin=R4-1
Added Pin To Net: NetName=VBUS Pin=R5-1
Added Pin To Net: NetName=VBUS_SEN Pin=R6-1
Added Pin To Net: NetName=NetR7_1 Pin=R7-1
Added Pin To Net: NetName=NetJ3_A5 Pin=R8-1
Added Pin To Net: NetName=GND Pin=R9-1
Added Pin To Net: NetName=GND Pin=R10-1
Added Pin To Net: NetName=NetJ3_B5 Pin=R11-1
Added Pin To Net: NetName=UpBtn Pin=R12-1
Added Pin To Net: NetName=DownBtn Pin=R13-1
Added Pin To Net: NetName=GND Pin=R14-1
Added Pin To Net: NetName=NetC34_2 Pin=R15-1
Added Pin To Net: NetName=NetC34_2 Pin=R16-1
Added Pin To Net: NetName=GND Pin=R17-1
Added Pin To Net: NetName=UpBtn Pin=R18-1
Added Pin To Net: NetName=DownBtn Pin=R19-1
Added Pin To Net: NetName=NetJ5_1 Pin=J5-1
Added Pin To Net: NetName=NetJ5_1 Pin=R18-1
Added Net: Name=NetJ5_1
Added Pin To Net: NetName=NetJ6_1 Pin=J6-1
Added Pin To Net: NetName=NetJ6_1 Pin=R19-1
Added Net: Name=NetJ6_1
Added Member To Class: ClassName=Sheet2 Member=Component R18 1kO
Added Member To Class: ClassName=Sheet2 Member=Component R19 1kO
