Removed Pin From Net: NetName=NetC19_2 Pin=L4-1
Removed Pin From Net: NetName=NetC20_2 Pin=L4-2
Removed Pin From Net: NetName=NetC33_2 Pin=L6-1
Removed Pin From Net: NetName=NetC34_2 Pin=L6-2
Added Component: Designator=L4(IND_SRR6038-180Y)
Add component (AddParameter): Name = "Check_prices"; Value = "https://www.snapeda.com/parts/SRR6038-180Y/Bourns/view-part/?ref=eda"; VariantName = "[No Variations]"
Add component (AddParameter): Name = "MF"; Value = "Bourns"; VariantName = "[No Variations]"
Add component (AddParameter): Name = "MP"; Value = "SRR6038-180Y"; VariantName = "[No Variations]"
Add component (AddParameter): Name = "Package"; Value = "NON STANDARD-2 Bourns"; VariantName = "[No Variations]"
Add component (AddParameter): Name = "SnapEDA_Link"; Value = "https://www.snapeda.com/parts/SRR6038-180Y/Bourns/view-part/?ref=snap"; VariantName = "[No Variations]"
Add component (AddParameter): Name = "Value"; Value = ""; VariantName = "[No Variations]"
Added Component: Designator=L6(WE-PD2SR_7850)
Add component (AddParameter): Name = "Case/Size Code"; Value = "7850"; VariantName = "[No Variations]"
Add component (AddParameter): Name = "Category"; Value = "Shielded Power Inductors"; VariantName = "[No Variations]"
Add component (AddParameter): Name = "ComponentLink1Description"; Value = "Website Link"; VariantName = "[No Variations]"
Add component (AddParameter): Name = "ComponentLink1URL"; Value = "https://www.we-online.com/redexpert/article/744787012?ad"; VariantName = "[No Variations]"
Add component (AddParameter): Name = "ComponentLink2Description"; Value = "Datasheet Link"; VariantName = "[No Variations]"
Add component (AddParameter): Name = "ComponentLink2URL"; Value = "https://www.we-online.com/redexpert/spec/744787012?ad"; VariantName = "[No Variations]"
Add component (AddParameter): Name = "DC Resistance"; Value = "8.5mO"; VariantName = "[No Variations]"
Add component (AddParameter): Name = "DC Resistance Max"; Value = "13mO"; VariantName = "[No Variations]"
Add component (AddParameter): Name = "Height"; Value = "5mm"; VariantName = "[No Variations]"
Add component (AddParameter): Name = "Inductance"; Value = "1.2µH"; VariantName = "[No Variations]"
Add component (AddParameter): Name = "Length"; Value = "7.8mm"; VariantName = "[No Variations]"
Add component (AddParameter): Name = "Manufacturer"; Value = "Wurth Elektronik"; VariantName = "[No Variations]"
Add component (AddParameter): Name = "Manufacturer Part Number"; Value = "744787012"; VariantName = "[No Variations]"
Add component (AddParameter): Name = "Match Code"; Value = "WE-PD2SR"; VariantName = "[No Variations]"
Add component (AddParameter): Name = "Mount"; Value = "Surface Mount"; VariantName = "[No Variations]"
Add component (AddParameter): Name = "Operating Temperature Max"; Value = "125°C"; VariantName = "[No Variations]"
Add component (AddParameter): Name = "Operating Temperature Min"; Value = "-40°C"; VariantName = "[No Variations]"
Add component (AddParameter): Name = "Packaging"; Value = "Tape and Reel"; VariantName = "[No Variations]"
Add component (AddParameter): Name = "Rated Current"; Value = "4.85A"; VariantName = "[No Variations]"
Add component (AddParameter): Name = "Saturation Current"; Value = "6A"; VariantName = "[No Variations]"
Add component (AddParameter): Name = "Self Resonant Frequency"; Value = "110MHz"; VariantName = "[No Variations]"
Add component (AddParameter): Name = "Width"; Value = "7mm"; VariantName = "[No Variations]"
Added Pin To Net: NetName=NetC33_2 Pin=L4-1
Added Pin To Net: NetName=NetC34_2 Pin=L4-2
Added Pin To Net: NetName=NetC19_2 Pin=L6-1
Added Pin To Net: NetName=NetC20_2 Pin=L6-2
Added Pin To Net: NetName=NRST Pin=R1-1
Added Pin To Net: NetName=NetC20_2 Pin=R2-1
Added Pin To Net: NetName=NetR3_1 Pin=R3-1
Added Pin To Net: NetName=NetR3_1 Pin=R4-1
Added Pin To Net: NetName=NetJ3_A4 Pin=R5-1
Added Pin To Net: NetName=VBUS_SEN Pin=R6-1
Added Pin To Net: NetName=NetR7_1 Pin=R7-1
Added Pin To Net: NetName=NetJ3_A5 Pin=R8-1
Added Pin To Net: NetName=GND Pin=R9-1
Added Pin To Net: NetName=GND Pin=R10-1
Added Pin To Net: NetName=NetJ3_B5 Pin=R11-1
Added Pin To Net: NetName=UpBtn Pin=R12-1
Added Pin To Net: NetName=DownBtn Pin=R13-1
Added Pin To Net: NetName=GND Pin=R14-1
Added Pin To Net: NetName=NetC34_2 Pin=R15-1
Added Pin To Net: NetName=NetC34_2 Pin=R16-1
Added Pin To Net: NetName=GND Pin=R17-1
Added Pin To Net: NetName=NetJ5_1 Pin=R18-1
Added Pin To Net: NetName=NetJ6_1 Pin=R19-1
Added Member To Class: ClassName=Sheet1 Member=Component D1 USBLC6-2SC6Y
