Removed Pin From Net: NetName=+12 Pin=J9-1
Removed Pin From Net: NetName=GND Pin=J9-2
Added Component: Designator=L7(IND_SPDL485025-250-2P-T)
Add component (AddParameter): Name = "Availability"; Value = "Unavailable"; VariantName = "[No Variations]"
Add component (AddParameter): Name = "MF"; Value = ""; VariantName = "[No Variations]"
Add component (AddParameter): Name = "MP"; Value = "SPDL485025-250-2P-T"; VariantName = "[No Variations]"
Add component (AddParameter): Name = "Package"; Value = "None"; VariantName = "[No Variations]"
Add component (AddParameter): Name = "Price"; Value = "None"; VariantName = "[No Variations]"
Add component (AddParameter): Name = "Value"; Value = ""; VariantName = "[No Variations]"
Added Pin To Net: NetName=+12 Pin=L7-1
Added Pin To Net: NetName=GND Pin=L7-4
Added Pin To Net: NetName=NRST Pin=R1-1
Added Pin To Net: NetName=NetC20_2 Pin=R2-1
Added Pin To Net: NetName=NetR3_1 Pin=R3-1
Added Pin To Net: NetName=NetR3_1 Pin=R4-1
Added Pin To Net: NetName=NetJ3_A4 Pin=R5-1
Added Pin To Net: NetName=VBUS_SEN Pin=R6-1
Added Pin To Net: NetName=NetR7_1 Pin=R7-1
Added Pin To Net: NetName=NetJ3_A5 Pin=R8-1
Added Pin To Net: NetName=GND Pin=R9-1
Added Pin To Net: NetName=GND Pin=R10-1
Added Pin To Net: NetName=NetJ3_B5 Pin=R11-1
Added Pin To Net: NetName=UpBtn Pin=R12-1
Added Pin To Net: NetName=DownBtn Pin=R13-1
Added Pin To Net: NetName=GND Pin=R14-1
Added Pin To Net: NetName=NetC34_2 Pin=R15-1
Added Pin To Net: NetName=NetC34_2 Pin=R16-1
Added Pin To Net: NetName=GND Pin=R17-1
Added Pin To Net: NetName=NetJ5_1 Pin=R18-1
Added Pin To Net: NetName=NetJ6_1 Pin=R19-1
Added Pin To Net: NetName=NetR20_1 Pin=R20-1
Added Pin To Net: NetName=NetJ9_1 Pin=J9-1
Added Pin To Net: NetName=NetJ9_1 Pin=L7-2
Added Net: Name=NetJ9_1
Added Pin To Net: NetName=NetJ9_2 Pin=J9-2
Added Pin To Net: NetName=NetJ9_2 Pin=L7-3
Added Net: Name=NetJ9_2
Added Member To Class: ClassName=Sheet2 Member=Component L7 SPDL485025-250-2P-T
Added Member To Class: ClassName=Sheet1 Member=Component P1 U.FL-R-SMT-1(80)
