Removed Pin From Net: NetName=NetC34_2 Pin=J6-01
Removed Pin From Net: NetName=GND Pin=J6-02
Removed Pin From Net: NetName=OLED_RS Pin=J6-03
Removed Pin From Net: NetName=OLED_E Pin=J6-05
Removed Pin From Net: NetName=GND Pin=J6-06
Removed Pin From Net: NetName=OLED_D05 Pin=J6-11
Removed Pin From Net: NetName=OLED_D04 Pin=J6-12
Removed Pin From Net: NetName=OLED_D07 Pin=J6-13
Removed Pin From Net: NetName=OLED_D06 Pin=J6-14
Added Pin To Net: NetName=GND Pin=J6-01
Added Pin To Net: NetName=NetC34_2 Pin=J6-02
Added Pin To Net: NetName=OLED_RS Pin=J6-04
Added Pin To Net: NetName=GND Pin=J6-05
Added Pin To Net: NetName=OLED_E Pin=J6-06
Added Pin To Net: NetName=OLED_D04 Pin=J6-11
Added Pin To Net: NetName=OLED_D05 Pin=J6-12
Added Pin To Net: NetName=OLED_D06 Pin=J6-13
Added Pin To Net: NetName=OLED_D07 Pin=J6-14
Added Pin To Net: NetName=NRST Pin=R1-1
Added Pin To Net: NetName=NetC20_2 Pin=R2-1
Added Pin To Net: NetName=NetR3_1 Pin=R3-1
Added Pin To Net: NetName=NetR3_1 Pin=R4-1
Added Pin To Net: NetName=NetJ3_A4 Pin=R5-1
Added Pin To Net: NetName=VBUS_SEN Pin=R6-1
Added Pin To Net: NetName=NetR7_1 Pin=R7-1
Added Pin To Net: NetName=NetJ3_A5 Pin=R8-1
Added Pin To Net: NetName=GND Pin=R9-1
Added Pin To Net: NetName=GND Pin=R10-1
Added Pin To Net: NetName=NetJ3_B5 Pin=R11-1
Added Pin To Net: NetName=UpBtn Pin=R12-1
Added Pin To Net: NetName=DownBtn Pin=R13-1
Added Pin To Net: NetName=GND Pin=R14-1
Added Pin To Net: NetName=NetC34_2 Pin=R16-1
Added Pin To Net: NetName=GND Pin=R17-1
Added Pin To Net: NetName=NetR18_1 Pin=R18-1
Added Pin To Net: NetName=NetR19_1 Pin=R19-1
Added Pin To Net: NetName=NetR20_1 Pin=R20-1
