Added Component: Designator=C27(0603 Imperial)
Added Component: Designator=J14(Wire Solder Pads)
Add component (AddParameter): Name = "Case/Package"; Value = "0410"; VariantName = "[No Variations]"
Add component (AddParameter): Name = "Contact Gender"; Value = "Male"; VariantName = "[No Variations]"
Add component (AddParameter): Name = "Contact Material"; Value = "Brass"; VariantName = "[No Variations]"
Add component (AddParameter): Name = "Contact Plating"; Value = "Tin"; VariantName = "[No Variations]"
Add component (AddParameter): Name = "Current Rating"; Value = "3A"; VariantName = "[No Variations]"
Add component (AddParameter): Name = "Housing Material"; Value = "Polyester"; VariantName = "[No Variations]"
Add component (AddParameter): Name = "Max Operating Temperature"; Value = "85°C"; VariantName = "[No Variations]"
Add component (AddParameter): Name = "Min Operating Temperature"; Value = "-25°C"; VariantName = "[No Variations]"
Add component (AddParameter): Name = "Mount"; Value = "Through Hole"; VariantName = "[No Variations]"
Add component (AddParameter): Name = "Number of Circuits"; Value = "4"; VariantName = "[No Variations]"
Add component (AddParameter): Name = "Number of Contacts"; Value = "4"; VariantName = "[No Variations]"
Add component (AddParameter): Name = "Number of Positions"; Value = "4"; VariantName = "[No Variations]"
Add component (AddParameter): Name = "Number of Rows"; Value = "1"; VariantName = "[No Variations]"
Add component (AddParameter): Name = "Orientation"; Value = "Vertical"; VariantName = "[No Variations]"
Add component (AddParameter): Name = "Packaging"; Value = "Tray"; VariantName = "[No Variations]"
Add component (AddParameter): Name = "Pitch"; Value = "2mm"; VariantName = "[No Variations]"
Add component (AddParameter): Name = "Radiation Hardening"; Value = "No"; VariantName = "[No Variations]"
Add component (AddParameter): Name = "RoHS Compliant"; Value = "Yes"; VariantName = "[No Variations]"
Add component (AddParameter): Name = "Series"; Value = "55932"; VariantName = "[No Variations]"
Add component (AddParameter): Name = "Termination"; Value = "Solder"; VariantName = "[No Variations]"
Add component (AddParameter): Name = "Voltage Rating"; Value = "250V"; VariantName = "[No Variations]"
Added Component: Designator=R19(0603 Imperial)
Added Component: Designator=U6(FP-DGK0008A-IPC_A)
Add component (AddParameter): Name = "Interface"; Value = "I2C"; VariantName = "[No Variations]"
Add component (AddParameter): Name = "Max Operating Temperature"; Value = "125°C"; VariantName = "[No Variations]"
Add component (AddParameter): Name = "Min Operating Temperature"; Value = "-40°C"; VariantName = "[No Variations]"
Add component (AddParameter): Name = "RoHS Compliant"; Value = "Yes"; VariantName = "[No Variations]"
Added Pin To Net: NetName=GND Pin=C27-1
Added Pin To Net: NetName=GND Pin=J14-2
Added Pin To Net: NetName=GND Pin=U6-4
Added Pin To Net: NetName=GND Pin=U6-5
Added Pin To Net: NetName=GND Pin=U6-6
Added Pin To Net: NetName=NetC27_2 Pin=C27-2
Added Pin To Net: NetName=NetC27_2 Pin=J14-1
Added Pin To Net: NetName=NetC27_2 Pin=R19-2
Added Pin To Net: NetName=NetC27_2 Pin=U6-7
Added Pin To Net: NetName=NetC27_2 Pin=U6-8
Added Net: Name=NetC27_2
Added Pin To Net: NetName=NetJ14_3 Pin=J14-3
Added Pin To Net: NetName=NetJ14_3 Pin=U6-2
Added Net: Name=NetJ14_3
Added Pin To Net: NetName=NetJ14_4 Pin=J14-4
Added Pin To Net: NetName=NetJ14_4 Pin=U6-1
Added Net: Name=NetJ14_4
Added Pin To Net: NetName=NetR19_1 Pin=R19-1
Added Pin To Net: NetName=NetR19_1 Pin=U6-3
Added Net: Name=NetR19_1
Added Member To Class: ClassName=Sheet2 Member=Component C27 100nF
Added Member To Class: ClassName=Sheet2 Member=Component J14 55932-0410
Added Member To Class: ClassName=Sheet2 Member=Component R19 5.1kO
Added Member To Class: ClassName=Sheet2 Member=Component U6 TMP1075DGKR
