Removed Pin From Net: NetName=GND Pin=C4-1
Removed Pin From Net: NetName=3V3 Pin=C4-2
Removed Pin From Net: NetName=GND Pin=C5-1
Removed Pin From Net: NetName=3V3 Pin=C5-2
Removed Pin From Net: NetName=GND Pin=C6-1
Removed Pin From Net: NetName=3V3 Pin=C6-2
Removed Pin From Net: NetName=GND Pin=C22-1
Removed Pin From Net: NetName=NetC22_2 Pin=C22-2
Removed Pin From Net: NetName=GND Pin=C26-1
Removed Pin From Net: NetName=NetC26_2 Pin=C26-2
Change Component Footprint: Designator=C1 Old Footprint=0603 New Footprint=0603 Imperial
Change Component Footprint: Designator=C2 Old Footprint=0603 New Footprint=0603 Imperial
Change Component Footprint: Designator=C3 Old Footprint=0603 New Footprint=0603 Imperial
Change Component Footprint: Designator=C4 Old Footprint=0603 New Footprint=0603 Imperial
Change Component Footprint: Designator=C5 Old Footprint=0603 New Footprint=0603 Imperial
Change Component Footprint: Designator=C6 Old Footprint=0603 New Footprint=0603 Imperial
Change Component Footprint: Designator=C7 Old Footprint=0603 New Footprint=0603 Imperial
Change Component Footprint: Designator=C9 Old Footprint=0603 New Footprint=0603 Imperial
Change Component Footprint: Designator=C12 Old Footprint=0603 New Footprint=0603 Imperial
Change Component Footprint: Designator=C13 Old Footprint=0603 New Footprint=0603 Imperial
Change Component Footprint: Designator=C16 Old Footprint=0603 New Footprint=0603 Imperial
Change Component Footprint: Designator=C17 Old Footprint=0603 New Footprint=0603 Imperial
Change Component Footprint: Designator=C18 Old Footprint=0603 New Footprint=0603 Imperial
Change Component Footprint: Designator=C19 Old Footprint=0603 New Footprint=0603 Imperial
Change Component Footprint: Designator=C20 Old Footprint=0603 New Footprint=0603 Imperial
Change Component Footprint: Designator=C21 Old Footprint=0603 New Footprint=0603 Imperial
Change Component Footprint: Designator=C22 Old Footprint=0603 New Footprint=0603 Imperial
Change Component Footprint: Designator=C23 Old Footprint=0603 New Footprint=0603 Imperial
Change Component Footprint: Designator=C24 Old Footprint=0603 New Footprint=0603 Imperial
Change Component Footprint: Designator=C25 Old Footprint=0603 New Footprint=0603 Imperial
Change Component Footprint: Designator=C26 Old Footprint=0603 New Footprint=0603 Imperial
Added Pin To Net: NetName=3V3 Pin=C4-1
Added Pin To Net: NetName=GND Pin=C4-2
Added Pin To Net: NetName=3V3 Pin=C5-1
Added Pin To Net: NetName=GND Pin=C5-2
Added Pin To Net: NetName=3V3 Pin=C6-1
Added Pin To Net: NetName=GND Pin=C6-2
Added Pin To Net: NetName=NetC22_2 Pin=C22-1
Added Pin To Net: NetName=GND Pin=C22-2
Added Pin To Net: NetName=NetC26_2 Pin=C26-1
Added Pin To Net: NetName=GND Pin=C26-2
Change Net Name : Old Net Name=NetC22_2 New Net Name=NetC22_1
Change Net Name : Old Net Name=NetC26_2 New Net Name=NetC26_1
