Change Component Footprint: Designator=R1 Old Footprint=0603 New Footprint=0603 Imperial
Change Component Footprint: Designator=R2 Old Footprint=0603 New Footprint=0603 Imperial
Change Component Footprint: Designator=R6 Old Footprint=0603 New Footprint=0603 Imperial
Change Component Footprint: Designator=R7 Old Footprint=0603 New Footprint=0603 Imperial
Change Component Footprint: Designator=R8 Old Footprint=0603 New Footprint=0603 Imperial
Change Component Footprint: Designator=R9 Old Footprint=0603 New Footprint=0603 Imperial
Change Component Footprint: Designator=R10 Old Footprint=0603 New Footprint=0603 Imperial
Change Component Footprint: Designator=R11 Old Footprint=0603 New Footprint=0603 Imperial
Change Component Footprint: Designator=R12 Old Footprint=0603 New Footprint=0603 Imperial
Change Component Footprint: Designator=R13 Old Footprint=0603 New Footprint=0603 Imperial
Change Component Footprint: Designator=R14 Old Footprint=0603 New Footprint=0603 Imperial
Change Component Footprint: Designator=R15 Old Footprint=0603 New Footprint=0603 Imperial
Change Component Footprint: Designator=R16 Old Footprint=0603 New Footprint=0603 Imperial
Change Component Footprint: Designator=R17 Old Footprint=0603 New Footprint=0603 Imperial
Change Component Footprint: Designator=R18 Old Footprint=0603 New Footprint=0603 Imperial
Added Pin To Net: NetName=NetC22_2 Pin=R13-2
Added Pin To Net: NetName=GND Pin=R14-1
Added Pin To Net: NetName=NetC23_2 Pin=R15-2
Added Pin To Net: NetName=NetC26_2 Pin=R17-2
Added Pin To Net: NetName=GND Pin=R18-1
Added Pin To Net: NetName=NetR13_1 Pin=R13-1
Added Pin To Net: NetName=NetR13_1 Pin=R14-2
Added Pin To Net: NetName=NetR13_1 Pin=U3-3
Added Net: Name=NetR13_1
Added Pin To Net: NetName=NetR15_1 Pin=R15-1
Added Pin To Net: NetName=NetR15_1 Pin=U4-3
Added Net: Name=NetR15_1
Added Pin To Net: NetName=NetR17_1 Pin=R17-1
Added Pin To Net: NetName=NetR17_1 Pin=R18-2
Added Pin To Net: NetName=NetR17_1 Pin=U5-3
Added Net: Name=NetR17_1
